2023-09-28T23:07:56.886-04:00  INFO 8784 --- [main] n.i.IntroductionSpringProjectApplication : Starting IntroductionSpringProjectApplication using Java 20.0.1 with PID 8784 (C:\Users\Anna\Downloads\Projects\SpringBoot\project\IntroductionSpringProject\target\classes started by Anna in C:\Users\Anna\Downloads\Projects\SpringBoot\project\IntroductionSpringProject)
2023-09-28T23:07:56.888-04:00  INFO 8784 --- [main] n.i.IntroductionSpringProjectApplication : No active profile set, falling back to 1 default profile: "default"
2023-09-28T23:07:57.633-04:00  INFO 8784 --- [main] .s.d.r.c.RepositoryConfigurationDelegate : Bootstrapping Spring Data JPA repositories in DEFAULT mode.
2023-09-28T23:07:57.667-04:00  INFO 8784 --- [main] .s.d.r.c.RepositoryConfigurationDelegate : Finished Spring Data repository scanning in 24 ms. Found 0 JPA repository interfaces.
2023-09-28T23:07:58.165-04:00  INFO 8784 --- [main] o.s.b.w.embedded.tomcat.TomcatWebServer  : Tomcat initialized with port(s): 8081 (http)
2023-09-28T23:07:58.174-04:00  INFO 8784 --- [main] o.apache.catalina.core.StandardService   : Starting service [Tomcat]
2023-09-28T23:07:58.174-04:00  INFO 8784 --- [main] o.apache.catalina.core.StandardEngine    : Starting Servlet engine: [Apache Tomcat/10.1.12]
2023-09-28T23:07:58.257-04:00  INFO 8784 --- [main] o.a.c.c.C.[Tomcat].[localhost].[/]       : Initializing Spring embedded WebApplicationContext
2023-09-28T23:07:58.258-04:00  INFO 8784 --- [main] w.s.c.ServletWebServerApplicationContext : Root WebApplicationContext: initialization completed in 1318 ms
2023-09-28T23:07:58.381-04:00  INFO 8784 --- [main] com.zaxxer.hikari.HikariDataSource       : HikariPool-1 - Starting...
2023-09-28T23:08:00.420-04:00  INFO 8784 --- [main] com.zaxxer.hikari.pool.HikariPool        : HikariPool-1 - Added connection org.postgresql.jdbc.PgConnection@18a096b5
2023-09-28T23:08:00.422-04:00  INFO 8784 --- [main] com.zaxxer.hikari.HikariDataSource       : HikariPool-1 - Start completed.
2023-09-28T23:08:00.473-04:00  INFO 8784 --- [main] o.hibernate.jpa.internal.util.LogHelper  : HHH000204: Processing PersistenceUnitInfo [name: default]
2023-09-28T23:08:00.545-04:00  INFO 8784 --- [main] org.hibernate.Version                    : HHH000412: Hibernate ORM core version 6.2.7.Final
2023-09-28T23:08:00.547-04:00  INFO 8784 --- [main] org.hibernate.cfg.Environment            : HHH000406: Using bytecode reflection optimizer
2023-09-28T23:08:00.698-04:00  INFO 8784 --- [main] o.h.b.i.BytecodeProviderInitiator        : HHH000021: Bytecode provider name : bytebuddy
2023-09-28T23:08:00.860-04:00  INFO 8784 --- [main] o.s.o.j.p.SpringPersistenceUnitInfo      : No LoadTimeWeaver setup: ignoring JPA class transformer
2023-09-28T23:08:01.548-04:00  INFO 8784 --- [main] o.h.b.i.BytecodeProviderInitiator        : HHH000021: Bytecode provider name : bytebuddy
2023-09-28T23:08:02.472-04:00  INFO 8784 --- [main] o.h.e.t.j.p.i.JtaPlatformInitiator       : HHH000490: Using JtaPlatform implementation: [org.hibernate.engine.transaction.jta.platform.internal.NoJtaPlatform]
2023-09-28T23:08:02.474-04:00  INFO 8784 --- [main] j.LocalContainerEntityManagerFactoryBean : Initialized JPA EntityManagerFactory for persistence unit 'default'
2023-09-28T23:08:02.483-04:00  WARN 8784 --- [main] ConfigServletWebServerApplicationContext : Exception encountered during context initialization - cancelling refresh attempt: org.springframework.beans.factory.UnsatisfiedDependencyException: Error creating bean with name 'testController' defined in file [C:\Users\Anna\Downloads\Projects\SpringBoot\project\IntroductionSpringProject\target\classes\com\naukma\introductionspringproject\controller\TestController.class]: Unsatisfied dependency expressed through constructor parameter 1: No qualifying bean of type 'com.naukma.springboot.DiscountUtil' available: expected at least 1 bean which qualifies as autowire candidate. Dependency annotations: {}
2023-09-28T23:08:02.484-04:00  INFO 8784 --- [main] j.LocalContainerEntityManagerFactoryBean : Closing JPA EntityManagerFactory for persistence unit 'default'
2023-09-28T23:08:02.487-04:00  INFO 8784 --- [main] com.zaxxer.hikari.HikariDataSource       : HikariPool-1 - Shutdown initiated...
2023-09-28T23:08:02.805-04:00  INFO 8784 --- [main] com.zaxxer.hikari.HikariDataSource       : HikariPool-1 - Shutdown completed.
2023-09-28T23:08:02.806-04:00  INFO 8784 --- [main] o.apache.catalina.core.StandardService   : Stopping service [Tomcat]
2023-09-28T23:08:02.822-04:00  INFO 8784 --- [main] .s.b.a.l.ConditionEvaluationReportLogger : 

Error starting ApplicationContext. To display the condition evaluation report re-run your application with 'debug' enabled.
2023-09-28T23:08:02.845-04:00 ERROR 8784 --- [main] o.s.b.d.LoggingFailureAnalysisReporter   : 

***************************
APPLICATION FAILED TO START
***************************

Description:

Parameter 1 of constructor in com.naukma.introductionspringproject.controller.TestController required a bean of type 'com.naukma.springboot.DiscountUtil' that could not be found.


Action:

Consider defining a bean of type 'com.naukma.springboot.DiscountUtil' in your configuration.

2023-09-28T23:09:27.340-04:00  INFO 13616 --- [main] n.i.IntroductionSpringProjectApplication : Starting IntroductionSpringProjectApplication using Java 20.0.1 with PID 13616 (C:\Users\Anna\Downloads\Projects\SpringBoot\project\IntroductionSpringProject\target\classes started by Anna in C:\Users\Anna\Downloads\Projects\SpringBoot\project\IntroductionSpringProject)
2023-09-28T23:09:27.344-04:00  INFO 13616 --- [main] n.i.IntroductionSpringProjectApplication : No active profile set, falling back to 1 default profile: "default"
2023-09-28T23:09:27.999-04:00  INFO 13616 --- [main] .s.d.r.c.RepositoryConfigurationDelegate : Bootstrapping Spring Data JPA repositories in DEFAULT mode.
2023-09-28T23:09:28.022-04:00  INFO 13616 --- [main] .s.d.r.c.RepositoryConfigurationDelegate : Finished Spring Data repository scanning in 14 ms. Found 0 JPA repository interfaces.
2023-09-28T23:09:28.664-04:00  INFO 13616 --- [main] o.s.b.w.embedded.tomcat.TomcatWebServer  : Tomcat initialized with port(s): 8081 (http)
2023-09-28T23:09:28.672-04:00  INFO 13616 --- [main] o.apache.catalina.core.StandardService   : Starting service [Tomcat]
2023-09-28T23:09:28.673-04:00  INFO 13616 --- [main] o.apache.catalina.core.StandardEngine    : Starting Servlet engine: [Apache Tomcat/10.1.12]
2023-09-28T23:09:28.758-04:00  INFO 13616 --- [main] o.a.c.c.C.[Tomcat].[localhost].[/]       : Initializing Spring embedded WebApplicationContext
2023-09-28T23:09:28.758-04:00  INFO 13616 --- [main] w.s.c.ServletWebServerApplicationContext : Root WebApplicationContext: initialization completed in 1370 ms
2023-09-28T23:09:28.863-04:00  INFO 13616 --- [main] com.zaxxer.hikari.HikariDataSource       : HikariPool-1 - Starting...
2023-09-28T23:09:30.933-04:00  INFO 13616 --- [main] com.zaxxer.hikari.pool.HikariPool        : HikariPool-1 - Added connection org.postgresql.jdbc.PgConnection@39b626e5
2023-09-28T23:09:30.939-04:00  INFO 13616 --- [main] com.zaxxer.hikari.HikariDataSource       : HikariPool-1 - Start completed.
2023-09-28T23:09:31.134-04:00  INFO 13616 --- [main] o.hibernate.jpa.internal.util.LogHelper  : HHH000204: Processing PersistenceUnitInfo [name: default]
2023-09-28T23:09:31.334-04:00  INFO 13616 --- [main] org.hibernate.Version                    : HHH000412: Hibernate ORM core version 6.2.7.Final
2023-09-28T23:09:31.343-04:00  INFO 13616 --- [main] org.hibernate.cfg.Environment            : HHH000406: Using bytecode reflection optimizer
2023-09-28T23:09:31.811-04:00  INFO 13616 --- [main] o.h.b.i.BytecodeProviderInitiator        : HHH000021: Bytecode provider name : bytebuddy
2023-09-28T23:09:31.935-04:00  INFO 13616 --- [main] o.s.o.j.p.SpringPersistenceUnitInfo      : No LoadTimeWeaver setup: ignoring JPA class transformer
2023-09-28T23:09:33.005-04:00  INFO 13616 --- [main] o.h.b.i.BytecodeProviderInitiator        : HHH000021: Bytecode provider name : bytebuddy
2023-09-28T23:09:33.777-04:00  INFO 13616 --- [main] o.h.e.t.j.p.i.JtaPlatformInitiator       : HHH000490: Using JtaPlatform implementation: [org.hibernate.engine.transaction.jta.platform.internal.NoJtaPlatform]
2023-09-28T23:09:33.780-04:00  INFO 13616 --- [main] j.LocalContainerEntityManagerFactoryBean : Initialized JPA EntityManagerFactory for persistence unit 'default'
2023-09-28T23:09:33.789-04:00  WARN 13616 --- [main] ConfigServletWebServerApplicationContext : Exception encountered during context initialization - cancelling refresh attempt: org.springframework.beans.factory.UnsatisfiedDependencyException: Error creating bean with name 'testController' defined in file [C:\Users\Anna\Downloads\Projects\SpringBoot\project\IntroductionSpringProject\target\classes\com\naukma\introductionspringproject\controller\TestController.class]: Unsatisfied dependency expressed through constructor parameter 1: No qualifying bean of type 'com.naukma.springboot.DiscountUtil' available: expected at least 1 bean which qualifies as autowire candidate. Dependency annotations: {}
2023-09-28T23:09:33.789-04:00  INFO 13616 --- [main] j.LocalContainerEntityManagerFactoryBean : Closing JPA EntityManagerFactory for persistence unit 'default'
2023-09-28T23:09:33.792-04:00  INFO 13616 --- [main] com.zaxxer.hikari.HikariDataSource       : HikariPool-1 - Shutdown initiated...
2023-09-28T23:09:34.708-04:00  INFO 13616 --- [main] com.zaxxer.hikari.HikariDataSource       : HikariPool-1 - Shutdown completed.
2023-09-28T23:09:34.712-04:00  INFO 13616 --- [main] o.apache.catalina.core.StandardService   : Stopping service [Tomcat]
2023-09-28T23:09:34.749-04:00  INFO 13616 --- [main] .s.b.a.l.ConditionEvaluationReportLogger : 

Error starting ApplicationContext. To display the condition evaluation report re-run your application with 'debug' enabled.
2023-09-28T23:09:34.815-04:00 ERROR 13616 --- [main] o.s.b.d.LoggingFailureAnalysisReporter   : 

***************************
APPLICATION FAILED TO START
***************************

Description:

Parameter 1 of constructor in com.naukma.introductionspringproject.controller.TestController required a bean of type 'com.naukma.springboot.DiscountUtil' that could not be found.


Action:

Consider defining a bean of type 'com.naukma.springboot.DiscountUtil' in your configuration.

2023-09-28T23:11:14.891-04:00  INFO 5680 --- [main] n.i.IntroductionSpringProjectApplication : Starting IntroductionSpringProjectApplication using Java 20.0.1 with PID 5680 (C:\Users\Anna\Downloads\Projects\SpringBoot\project\IntroductionSpringProject\target\classes started by Anna in C:\Users\Anna\Downloads\Projects\SpringBoot\project\IntroductionSpringProject)
2023-09-28T23:11:14.893-04:00  INFO 5680 --- [main] n.i.IntroductionSpringProjectApplication : No active profile set, falling back to 1 default profile: "default"
2023-09-28T23:11:15.678-04:00  INFO 5680 --- [main] .s.d.r.c.RepositoryConfigurationDelegate : Bootstrapping Spring Data JPA repositories in DEFAULT mode.
2023-09-28T23:11:15.699-04:00  INFO 5680 --- [main] .s.d.r.c.RepositoryConfigurationDelegate : Finished Spring Data repository scanning in 14 ms. Found 0 JPA repository interfaces.
2023-09-28T23:11:16.254-04:00  INFO 5680 --- [main] o.s.b.w.embedded.tomcat.TomcatWebServer  : Tomcat initialized with port(s): 8081 (http)
2023-09-28T23:11:16.263-04:00  INFO 5680 --- [main] o.apache.catalina.core.StandardService   : Starting service [Tomcat]
2023-09-28T23:11:16.263-04:00  INFO 5680 --- [main] o.apache.catalina.core.StandardEngine    : Starting Servlet engine: [Apache Tomcat/10.1.12]
2023-09-28T23:11:16.351-04:00  INFO 5680 --- [main] o.a.c.c.C.[Tomcat].[localhost].[/]       : Initializing Spring embedded WebApplicationContext
2023-09-28T23:11:16.352-04:00  INFO 5680 --- [main] w.s.c.ServletWebServerApplicationContext : Root WebApplicationContext: initialization completed in 1409 ms
2023-09-28T23:11:16.517-04:00  INFO 5680 --- [main] com.zaxxer.hikari.HikariDataSource       : HikariPool-1 - Starting...
2023-09-28T23:11:18.143-04:00  INFO 5680 --- [main] com.zaxxer.hikari.pool.HikariPool        : HikariPool-1 - Added connection org.postgresql.jdbc.PgConnection@1e3f0aea
2023-09-28T23:11:18.145-04:00  INFO 5680 --- [main] com.zaxxer.hikari.HikariDataSource       : HikariPool-1 - Start completed.
2023-09-28T23:11:18.185-04:00  INFO 5680 --- [main] o.hibernate.jpa.internal.util.LogHelper  : HHH000204: Processing PersistenceUnitInfo [name: default]
2023-09-28T23:11:18.239-04:00  INFO 5680 --- [main] org.hibernate.Version                    : HHH000412: Hibernate ORM core version 6.2.7.Final
2023-09-28T23:11:18.241-04:00  INFO 5680 --- [main] org.hibernate.cfg.Environment            : HHH000406: Using bytecode reflection optimizer
2023-09-28T23:11:18.384-04:00  INFO 5680 --- [main] o.h.b.i.BytecodeProviderInitiator        : HHH000021: Bytecode provider name : bytebuddy
2023-09-28T23:11:18.531-04:00  INFO 5680 --- [main] o.s.o.j.p.SpringPersistenceUnitInfo      : No LoadTimeWeaver setup: ignoring JPA class transformer
2023-09-28T23:11:19.077-04:00  INFO 5680 --- [main] o.h.b.i.BytecodeProviderInitiator        : HHH000021: Bytecode provider name : bytebuddy
2023-09-28T23:11:19.752-04:00  INFO 5680 --- [main] o.h.e.t.j.p.i.JtaPlatformInitiator       : HHH000490: Using JtaPlatform implementation: [org.hibernate.engine.transaction.jta.platform.internal.NoJtaPlatform]
2023-09-28T23:11:19.755-04:00  INFO 5680 --- [main] j.LocalContainerEntityManagerFactoryBean : Initialized JPA EntityManagerFactory for persistence unit 'default'
2023-09-28T23:11:19.764-04:00  WARN 5680 --- [main] ConfigServletWebServerApplicationContext : Exception encountered during context initialization - cancelling refresh attempt: org.springframework.beans.factory.UnsatisfiedDependencyException: Error creating bean with name 'testController' defined in file [C:\Users\Anna\Downloads\Projects\SpringBoot\project\IntroductionSpringProject\target\classes\com\naukma\introductionspringproject\controller\TestController.class]: Unsatisfied dependency expressed through constructor parameter 1: No qualifying bean of type 'com.naukma.springboot.DiscountUtil' available: expected at least 1 bean which qualifies as autowire candidate. Dependency annotations: {}
2023-09-28T23:11:19.765-04:00  INFO 5680 --- [main] j.LocalContainerEntityManagerFactoryBean : Closing JPA EntityManagerFactory for persistence unit 'default'
2023-09-28T23:11:19.766-04:00  INFO 5680 --- [main] com.zaxxer.hikari.HikariDataSource       : HikariPool-1 - Shutdown initiated...
2023-09-28T23:11:20.077-04:00  INFO 5680 --- [main] com.zaxxer.hikari.HikariDataSource       : HikariPool-1 - Shutdown completed.
2023-09-28T23:11:20.079-04:00  INFO 5680 --- [main] o.apache.catalina.core.StandardService   : Stopping service [Tomcat]
2023-09-28T23:11:20.090-04:00  INFO 5680 --- [main] .s.b.a.l.ConditionEvaluationReportLogger : 

Error starting ApplicationContext. To display the condition evaluation report re-run your application with 'debug' enabled.
2023-09-28T23:11:20.115-04:00 ERROR 5680 --- [main] o.s.b.d.LoggingFailureAnalysisReporter   : 

***************************
APPLICATION FAILED TO START
***************************

Description:

Parameter 1 of constructor in com.naukma.introductionspringproject.controller.TestController required a bean of type 'com.naukma.springboot.DiscountUtil' that could not be found.


Action:

Consider defining a bean of type 'com.naukma.springboot.DiscountUtil' in your configuration.

2023-09-28T23:23:40.643-04:00  INFO 18624 --- [main] n.i.IntroductionSpringProjectApplication : Starting IntroductionSpringProjectApplication using Java 20.0.1 with PID 18624 (C:\Users\Anna\Downloads\Projects\SpringBoot\project\IntroductionSpringProject\target\classes started by Anna in C:\Users\Anna\Downloads\Projects\SpringBoot\project\IntroductionSpringProject)
2023-09-28T23:23:40.645-04:00  INFO 18624 --- [main] n.i.IntroductionSpringProjectApplication : No active profile set, falling back to 1 default profile: "default"
2023-09-28T23:23:41.327-04:00  INFO 18624 --- [main] .s.d.r.c.RepositoryConfigurationDelegate : Bootstrapping Spring Data JPA repositories in DEFAULT mode.
2023-09-28T23:23:41.348-04:00  INFO 18624 --- [main] .s.d.r.c.RepositoryConfigurationDelegate : Finished Spring Data repository scanning in 13 ms. Found 0 JPA repository interfaces.
2023-09-28T23:23:41.841-04:00  INFO 18624 --- [main] o.s.b.w.embedded.tomcat.TomcatWebServer  : Tomcat initialized with port(s): 8081 (http)
2023-09-28T23:23:41.851-04:00  INFO 18624 --- [main] o.apache.catalina.core.StandardService   : Starting service [Tomcat]
2023-09-28T23:23:41.851-04:00  INFO 18624 --- [main] o.apache.catalina.core.StandardEngine    : Starting Servlet engine: [Apache Tomcat/10.1.12]
2023-09-28T23:23:41.931-04:00  INFO 18624 --- [main] o.a.c.c.C.[Tomcat].[localhost].[/]       : Initializing Spring embedded WebApplicationContext
2023-09-28T23:23:41.932-04:00  INFO 18624 --- [main] w.s.c.ServletWebServerApplicationContext : Root WebApplicationContext: initialization completed in 1232 ms
2023-09-28T23:23:42.049-04:00  INFO 18624 --- [main] com.zaxxer.hikari.HikariDataSource       : HikariPool-1 - Starting...
2023-09-28T23:23:43.984-04:00  INFO 18624 --- [main] com.zaxxer.hikari.pool.HikariPool        : HikariPool-1 - Added connection org.postgresql.jdbc.PgConnection@31723307
2023-09-28T23:23:43.990-04:00  INFO 18624 --- [main] com.zaxxer.hikari.HikariDataSource       : HikariPool-1 - Start completed.
2023-09-28T23:23:44.165-04:00  INFO 18624 --- [main] o.hibernate.jpa.internal.util.LogHelper  : HHH000204: Processing PersistenceUnitInfo [name: default]
2023-09-28T23:23:44.365-04:00  INFO 18624 --- [main] org.hibernate.Version                    : HHH000412: Hibernate ORM core version 6.2.7.Final
2023-09-28T23:23:44.368-04:00  INFO 18624 --- [main] org.hibernate.cfg.Environment            : HHH000406: Using bytecode reflection optimizer
2023-09-28T23:23:44.509-04:00  INFO 18624 --- [main] o.h.b.i.BytecodeProviderInitiator        : HHH000021: Bytecode provider name : bytebuddy
2023-09-28T23:23:44.667-04:00  INFO 18624 --- [main] o.s.o.j.p.SpringPersistenceUnitInfo      : No LoadTimeWeaver setup: ignoring JPA class transformer
2023-09-28T23:23:45.417-04:00  INFO 18624 --- [main] o.h.b.i.BytecodeProviderInitiator        : HHH000021: Bytecode provider name : bytebuddy
2023-09-28T23:23:46.108-04:00  INFO 18624 --- [main] o.h.e.t.j.p.i.JtaPlatformInitiator       : HHH000490: Using JtaPlatform implementation: [org.hibernate.engine.transaction.jta.platform.internal.NoJtaPlatform]
2023-09-28T23:23:46.110-04:00  INFO 18624 --- [main] j.LocalContainerEntityManagerFactoryBean : Initialized JPA EntityManagerFactory for persistence unit 'default'
2023-09-28T23:23:46.122-04:00  WARN 18624 --- [main] ConfigServletWebServerApplicationContext : Exception encountered during context initialization - cancelling refresh attempt: org.springframework.beans.factory.UnsatisfiedDependencyException: Error creating bean with name 'testController' defined in file [C:\Users\Anna\Downloads\Projects\SpringBoot\project\IntroductionSpringProject\target\classes\com\naukma\introductionspringproject\controller\TestController.class]: Unsatisfied dependency expressed through constructor parameter 1: No qualifying bean of type 'com.naukma.springboot.DiscountUtil' available: expected at least 1 bean which qualifies as autowire candidate. Dependency annotations: {}
2023-09-28T23:23:46.122-04:00  INFO 18624 --- [main] j.LocalContainerEntityManagerFactoryBean : Closing JPA EntityManagerFactory for persistence unit 'default'
2023-09-28T23:23:46.125-04:00  INFO 18624 --- [main] com.zaxxer.hikari.HikariDataSource       : HikariPool-1 - Shutdown initiated...
2023-09-28T23:23:46.426-04:00  INFO 18624 --- [main] com.zaxxer.hikari.HikariDataSource       : HikariPool-1 - Shutdown completed.
2023-09-28T23:23:46.428-04:00  INFO 18624 --- [main] o.apache.catalina.core.StandardService   : Stopping service [Tomcat]
2023-09-28T23:23:46.444-04:00  INFO 18624 --- [main] .s.b.a.l.ConditionEvaluationReportLogger : 

Error starting ApplicationContext. To display the condition evaluation report re-run your application with 'debug' enabled.
2023-09-28T23:23:46.482-04:00 ERROR 18624 --- [main] o.s.b.d.LoggingFailureAnalysisReporter   : 

***************************
APPLICATION FAILED TO START
***************************

Description:

Parameter 1 of constructor in com.naukma.introductionspringproject.controller.TestController required a bean of type 'com.naukma.springboot.DiscountUtil' that could not be found.


Action:

Consider defining a bean of type 'com.naukma.springboot.DiscountUtil' in your configuration.

2023-09-28T23:24:52.501-04:00  INFO 19212 --- [main] n.i.IntroductionSpringProjectApplication : Starting IntroductionSpringProjectApplication using Java 20.0.1 with PID 19212 (C:\Users\Anna\Downloads\Projects\SpringBoot\project\IntroductionSpringProject\target\classes started by Anna in C:\Users\Anna\Downloads\Projects\SpringBoot\project\IntroductionSpringProject)
2023-09-28T23:24:52.503-04:00  INFO 19212 --- [main] n.i.IntroductionSpringProjectApplication : No active profile set, falling back to 1 default profile: "default"
2023-09-28T23:24:53.142-04:00  INFO 19212 --- [main] .s.d.r.c.RepositoryConfigurationDelegate : Bootstrapping Spring Data JPA repositories in DEFAULT mode.
2023-09-28T23:24:53.166-04:00  INFO 19212 --- [main] .s.d.r.c.RepositoryConfigurationDelegate : Finished Spring Data repository scanning in 14 ms. Found 0 JPA repository interfaces.
2023-09-28T23:24:53.644-04:00  INFO 19212 --- [main] o.s.b.w.embedded.tomcat.TomcatWebServer  : Tomcat initialized with port(s): 8081 (http)
2023-09-28T23:24:53.652-04:00  INFO 19212 --- [main] o.apache.catalina.core.StandardService   : Starting service [Tomcat]
2023-09-28T23:24:53.653-04:00  INFO 19212 --- [main] o.apache.catalina.core.StandardEngine    : Starting Servlet engine: [Apache Tomcat/10.1.12]
2023-09-28T23:24:53.747-04:00  INFO 19212 --- [main] o.a.c.c.C.[Tomcat].[localhost].[/]       : Initializing Spring embedded WebApplicationContext
2023-09-28T23:24:53.747-04:00  INFO 19212 --- [main] w.s.c.ServletWebServerApplicationContext : Root WebApplicationContext: initialization completed in 1185 ms
2023-09-28T23:24:53.858-04:00  INFO 19212 --- [main] com.zaxxer.hikari.HikariDataSource       : HikariPool-1 - Starting...
2023-09-28T23:24:57.548-04:00  INFO 19212 --- [main] com.zaxxer.hikari.pool.HikariPool        : HikariPool-1 - Added connection org.postgresql.jdbc.PgConnection@3f9b7fe1
2023-09-28T23:24:57.554-04:00  INFO 19212 --- [main] com.zaxxer.hikari.HikariDataSource       : HikariPool-1 - Start completed.
2023-09-28T23:24:57.711-04:00  INFO 19212 --- [main] o.hibernate.jpa.internal.util.LogHelper  : HHH000204: Processing PersistenceUnitInfo [name: default]
2023-09-28T23:24:57.824-04:00  INFO 19212 --- [main] org.hibernate.Version                    : HHH000412: Hibernate ORM core version 6.2.7.Final
2023-09-28T23:24:57.827-04:00  INFO 19212 --- [main] org.hibernate.cfg.Environment            : HHH000406: Using bytecode reflection optimizer
2023-09-28T23:24:57.969-04:00  INFO 19212 --- [main] o.h.b.i.BytecodeProviderInitiator        : HHH000021: Bytecode provider name : bytebuddy
2023-09-28T23:24:58.114-04:00  INFO 19212 --- [main] o.s.o.j.p.SpringPersistenceUnitInfo      : No LoadTimeWeaver setup: ignoring JPA class transformer
2023-09-28T23:24:59.085-04:00  INFO 19212 --- [main] o.h.b.i.BytecodeProviderInitiator        : HHH000021: Bytecode provider name : bytebuddy
2023-09-28T23:24:59.786-04:00  INFO 19212 --- [main] o.h.e.t.j.p.i.JtaPlatformInitiator       : HHH000490: Using JtaPlatform implementation: [org.hibernate.engine.transaction.jta.platform.internal.NoJtaPlatform]
2023-09-28T23:24:59.789-04:00  INFO 19212 --- [main] j.LocalContainerEntityManagerFactoryBean : Initialized JPA EntityManagerFactory for persistence unit 'default'
2023-09-28T23:24:59.810-04:00  WARN 19212 --- [main] ConfigServletWebServerApplicationContext : Exception encountered during context initialization - cancelling refresh attempt: org.springframework.beans.factory.UnsatisfiedDependencyException: Error creating bean with name 'testController' defined in file [C:\Users\Anna\Downloads\Projects\SpringBoot\project\IntroductionSpringProject\target\classes\com\naukma\introductionspringproject\controller\TestController.class]: Unsatisfied dependency expressed through constructor parameter 1: No qualifying bean of type 'com.naukma.springboot.DiscountUtil' available: expected at least 1 bean which qualifies as autowire candidate. Dependency annotations: {}
2023-09-28T23:24:59.810-04:00  INFO 19212 --- [main] j.LocalContainerEntityManagerFactoryBean : Closing JPA EntityManagerFactory for persistence unit 'default'
2023-09-28T23:24:59.812-04:00  INFO 19212 --- [main] com.zaxxer.hikari.HikariDataSource       : HikariPool-1 - Shutdown initiated...
2023-09-28T23:25:01.542-04:00  INFO 19212 --- [main] com.zaxxer.hikari.HikariDataSource       : HikariPool-1 - Shutdown completed.
2023-09-28T23:25:01.545-04:00  INFO 19212 --- [main] o.apache.catalina.core.StandardService   : Stopping service [Tomcat]
2023-09-28T23:25:01.569-04:00  INFO 19212 --- [main] .s.b.a.l.ConditionEvaluationReportLogger : 

Error starting ApplicationContext. To display the condition evaluation report re-run your application with 'debug' enabled.
2023-09-28T23:25:01.611-04:00 ERROR 19212 --- [main] o.s.b.d.LoggingFailureAnalysisReporter   : 

***************************
APPLICATION FAILED TO START
***************************

Description:

Parameter 1 of constructor in com.naukma.introductionspringproject.controller.TestController required a bean of type 'com.naukma.springboot.DiscountUtil' that could not be found.


Action:

Consider defining a bean of type 'com.naukma.springboot.DiscountUtil' in your configuration.

2023-09-28T23:29:03.731-04:00  INFO 20236 --- [main] n.i.IntroductionSpringProjectApplication : Starting IntroductionSpringProjectApplication using Java 20.0.1 with PID 20236 (C:\Users\Anna\Downloads\Projects\SpringBoot\project\IntroductionSpringProject\target\classes started by Anna in C:\Users\Anna\Downloads\Projects\SpringBoot\project\IntroductionSpringProject)
2023-09-28T23:29:03.733-04:00  INFO 20236 --- [main] n.i.IntroductionSpringProjectApplication : No active profile set, falling back to 1 default profile: "default"
2023-09-28T23:29:04.359-04:00  INFO 20236 --- [main] .s.d.r.c.RepositoryConfigurationDelegate : Bootstrapping Spring Data JPA repositories in DEFAULT mode.
2023-09-28T23:29:04.408-04:00  INFO 20236 --- [main] .s.d.r.c.RepositoryConfigurationDelegate : Finished Spring Data repository scanning in 39 ms. Found 0 JPA repository interfaces.
2023-09-28T23:29:04.884-04:00  INFO 20236 --- [main] o.s.b.w.embedded.tomcat.TomcatWebServer  : Tomcat initialized with port(s): 8081 (http)
2023-09-28T23:29:04.988-04:00  INFO 20236 --- [main] w.s.c.ServletWebServerApplicationContext : Root WebApplicationContext: initialization completed in 1206 ms
2023-09-28T23:29:05.115-04:00  INFO 20236 --- [main] com.zaxxer.hikari.HikariDataSource       : HikariPool-1 - Starting...
2023-09-28T23:29:07.394-04:00  INFO 20236 --- [main] com.zaxxer.hikari.pool.HikariPool        : HikariPool-1 - Added connection org.postgresql.jdbc.PgConnection@1af4955e
2023-09-28T23:29:07.396-04:00  INFO 20236 --- [main] com.zaxxer.hikari.HikariDataSource       : HikariPool-1 - Start completed.
2023-09-28T23:29:07.455-04:00  INFO 20236 --- [main] o.hibernate.jpa.internal.util.LogHelper  : HHH000204: Processing PersistenceUnitInfo [name: default]
2023-09-28T23:29:07.573-04:00  INFO 20236 --- [main] org.hibernate.Version                    : HHH000412: Hibernate ORM core version 6.2.7.Final
2023-09-28T23:29:07.577-04:00  INFO 20236 --- [main] org.hibernate.cfg.Environment            : HHH000406: Using bytecode reflection optimizer
2023-09-28T23:29:07.762-04:00  INFO 20236 --- [main] o.h.b.i.BytecodeProviderInitiator        : HHH000021: Bytecode provider name : bytebuddy
2023-09-28T23:29:12.113-04:00  INFO 16684 --- [main] n.i.IntroductionSpringProjectApplication : Starting IntroductionSpringProjectApplication using Java 20.0.1 with PID 16684 (C:\Users\Anna\Downloads\Projects\SpringBoot\project\IntroductionSpringProject\target\classes started by Anna in C:\Users\Anna\Downloads\Projects\SpringBoot\project\IntroductionSpringProject)
2023-09-28T23:29:12.115-04:00  INFO 16684 --- [main] n.i.IntroductionSpringProjectApplication : No active profile set, falling back to 1 default profile: "default"
2023-09-28T23:29:12.741-04:00  INFO 16684 --- [main] .s.d.r.c.RepositoryConfigurationDelegate : Bootstrapping Spring Data JPA repositories in DEFAULT mode.
2023-09-28T23:29:12.761-04:00  INFO 16684 --- [main] .s.d.r.c.RepositoryConfigurationDelegate : Finished Spring Data repository scanning in 13 ms. Found 0 JPA repository interfaces.
2023-09-28T23:29:13.247-04:00  INFO 16684 --- [main] o.s.b.w.embedded.tomcat.TomcatWebServer  : Tomcat initialized with port(s): 8081 (http)
2023-09-28T23:29:13.257-04:00  INFO 16684 --- [main] o.apache.catalina.core.StandardService   : Starting service [Tomcat]
2023-09-28T23:29:13.257-04:00  INFO 16684 --- [main] o.apache.catalina.core.StandardEngine    : Starting Servlet engine: [Apache Tomcat/10.1.12]
2023-09-28T23:29:13.351-04:00  INFO 16684 --- [main] o.a.c.c.C.[Tomcat].[localhost].[/]       : Initializing Spring embedded WebApplicationContext
2023-09-28T23:29:13.352-04:00  INFO 16684 --- [main] w.s.c.ServletWebServerApplicationContext : Root WebApplicationContext: initialization completed in 1193 ms
2023-09-28T23:29:13.458-04:00  INFO 16684 --- [main] com.zaxxer.hikari.HikariDataSource       : HikariPool-1 - Starting...
2023-09-28T23:29:15.207-04:00  INFO 16684 --- [main] com.zaxxer.hikari.pool.HikariPool        : HikariPool-1 - Added connection org.postgresql.jdbc.PgConnection@1e3f0aea
2023-09-28T23:29:15.212-04:00  INFO 16684 --- [main] com.zaxxer.hikari.HikariDataSource       : HikariPool-1 - Start completed.
2023-09-28T23:29:15.264-04:00  INFO 16684 --- [main] o.hibernate.jpa.internal.util.LogHelper  : HHH000204: Processing PersistenceUnitInfo [name: default]
2023-09-28T23:29:15.315-04:00  INFO 16684 --- [main] org.hibernate.Version                    : HHH000412: Hibernate ORM core version 6.2.7.Final
2023-09-28T23:29:15.317-04:00  INFO 16684 --- [main] org.hibernate.cfg.Environment            : HHH000406: Using bytecode reflection optimizer
2023-09-28T23:29:15.447-04:00  INFO 16684 --- [main] o.h.b.i.BytecodeProviderInitiator        : HHH000021: Bytecode provider name : bytebuddy
2023-09-28T23:29:15.581-04:00  INFO 16684 --- [main] o.s.o.j.p.SpringPersistenceUnitInfo      : No LoadTimeWeaver setup: ignoring JPA class transformer
2023-09-28T23:29:16.337-04:00  INFO 16684 --- [main] o.h.b.i.BytecodeProviderInitiator        : HHH000021: Bytecode provider name : bytebuddy
2023-09-28T23:29:17.024-04:00  INFO 16684 --- [main] o.h.e.t.j.p.i.JtaPlatformInitiator       : HHH000490: Using JtaPlatform implementation: [org.hibernate.engine.transaction.jta.platform.internal.NoJtaPlatform]
2023-09-28T23:29:17.026-04:00  INFO 16684 --- [main] j.LocalContainerEntityManagerFactoryBean : Initialized JPA EntityManagerFactory for persistence unit 'default'
2023-09-28T23:29:17.043-04:00  WARN 16684 --- [main] ConfigServletWebServerApplicationContext : Exception encountered during context initialization - cancelling refresh attempt: org.springframework.beans.factory.UnsatisfiedDependencyException: Error creating bean with name 'testController' defined in file [C:\Users\Anna\Downloads\Projects\SpringBoot\project\IntroductionSpringProject\target\classes\com\naukma\introductionspringproject\controller\TestController.class]: Unsatisfied dependency expressed through constructor parameter 1: No qualifying bean of type 'com.naukma.springboot.DiscountUtil' available: expected at least 1 bean which qualifies as autowire candidate. Dependency annotations: {}
2023-09-28T23:29:17.044-04:00  INFO 16684 --- [main] j.LocalContainerEntityManagerFactoryBean : Closing JPA EntityManagerFactory for persistence unit 'default'
2023-09-28T23:29:17.047-04:00  INFO 16684 --- [main] com.zaxxer.hikari.HikariDataSource       : HikariPool-1 - Shutdown initiated...
2023-09-28T23:29:17.940-04:00  INFO 16684 --- [main] com.zaxxer.hikari.HikariDataSource       : HikariPool-1 - Shutdown completed.
2023-09-28T23:29:17.942-04:00  INFO 16684 --- [main] o.apache.catalina.core.StandardService   : Stopping service [Tomcat]
2023-09-28T23:29:17.953-04:00  INFO 16684 --- [main] .s.b.a.l.ConditionEvaluationReportLogger : 

Error starting ApplicationContext. To display the condition evaluation report re-run your application with 'debug' enabled.
2023-09-28T23:29:17.973-04:00 ERROR 16684 --- [main] o.s.b.d.LoggingFailureAnalysisReporter   : 

***************************
APPLICATION FAILED TO START
***************************

Description:

Parameter 1 of constructor in com.naukma.introductionspringproject.controller.TestController required a bean of type 'com.naukma.springboot.DiscountUtil' that could not be found.


Action:

Consider defining a bean of type 'com.naukma.springboot.DiscountUtil' in your configuration.

2023-09-28T23:30:02.483-04:00  INFO 21044 --- [main] n.i.IntroductionSpringProjectApplication : Starting IntroductionSpringProjectApplication using Java 20.0.1 with PID 21044 (C:\Users\Anna\Downloads\Projects\SpringBoot\project\IntroductionSpringProject\target\classes started by Anna in C:\Users\Anna\Downloads\Projects\SpringBoot\project\IntroductionSpringProject)
2023-09-28T23:30:02.485-04:00  INFO 21044 --- [main] n.i.IntroductionSpringProjectApplication : No active profile set, falling back to 1 default profile: "default"
2023-09-28T23:30:03.068-04:00  INFO 21044 --- [main] .s.d.r.c.RepositoryConfigurationDelegate : Bootstrapping Spring Data JPA repositories in DEFAULT mode.
2023-09-28T23:30:03.087-04:00  INFO 21044 --- [main] .s.d.r.c.RepositoryConfigurationDelegate : Finished Spring Data repository scanning in 12 ms. Found 0 JPA repository interfaces.
2023-09-28T23:30:03.558-04:00  INFO 21044 --- [main] o.s.b.w.embedded.tomcat.TomcatWebServer  : Tomcat initialized with port(s): 8081 (http)
2023-09-28T23:30:03.566-04:00  INFO 21044 --- [main] o.apache.catalina.core.StandardService   : Starting service [Tomcat]
2023-09-28T23:30:03.566-04:00  INFO 21044 --- [main] o.apache.catalina.core.StandardEngine    : Starting Servlet engine: [Apache Tomcat/10.1.12]
2023-09-28T23:30:03.647-04:00  INFO 21044 --- [main] o.a.c.c.C.[Tomcat].[localhost].[/]       : Initializing Spring embedded WebApplicationContext
2023-09-28T23:30:03.648-04:00  INFO 21044 --- [main] w.s.c.ServletWebServerApplicationContext : Root WebApplicationContext: initialization completed in 1119 ms
2023-09-28T23:30:03.749-04:00  INFO 21044 --- [main] com.zaxxer.hikari.HikariDataSource       : HikariPool-1 - Starting...
2023-09-28T23:30:06.119-04:00  INFO 21044 --- [main] com.zaxxer.hikari.pool.HikariPool        : HikariPool-1 - Added connection org.postgresql.jdbc.PgConnection@a85644c
2023-09-28T23:30:06.121-04:00  INFO 21044 --- [main] com.zaxxer.hikari.HikariDataSource       : HikariPool-1 - Start completed.
2023-09-28T23:30:06.161-04:00  INFO 21044 --- [main] o.hibernate.jpa.internal.util.LogHelper  : HHH000204: Processing PersistenceUnitInfo [name: default]
2023-09-28T23:30:06.207-04:00  INFO 21044 --- [main] org.hibernate.Version                    : HHH000412: Hibernate ORM core version 6.2.7.Final
2023-09-28T23:30:06.209-04:00  INFO 21044 --- [main] org.hibernate.cfg.Environment            : HHH000406: Using bytecode reflection optimizer
2023-09-28T23:30:06.330-04:00  INFO 21044 --- [main] o.h.b.i.BytecodeProviderInitiator        : HHH000021: Bytecode provider name : bytebuddy
2023-09-28T23:30:06.448-04:00  INFO 21044 --- [main] o.s.o.j.p.SpringPersistenceUnitInfo      : No LoadTimeWeaver setup: ignoring JPA class transformer
2023-09-28T23:30:07.233-04:00  INFO 21044 --- [main] o.h.b.i.BytecodeProviderInitiator        : HHH000021: Bytecode provider name : bytebuddy
2023-09-28T23:30:07.933-04:00  INFO 21044 --- [main] o.h.e.t.j.p.i.JtaPlatformInitiator       : HHH000490: Using JtaPlatform implementation: [org.hibernate.engine.transaction.jta.platform.internal.NoJtaPlatform]
2023-09-28T23:30:07.936-04:00  INFO 21044 --- [main] j.LocalContainerEntityManagerFactoryBean : Initialized JPA EntityManagerFactory for persistence unit 'default'
2023-09-28T23:30:07.945-04:00  WARN 21044 --- [main] ConfigServletWebServerApplicationContext : Exception encountered during context initialization - cancelling refresh attempt: org.springframework.beans.factory.UnsatisfiedDependencyException: Error creating bean with name 'testController' defined in file [C:\Users\Anna\Downloads\Projects\SpringBoot\project\IntroductionSpringProject\target\classes\com\naukma\introductionspringproject\controller\TestController.class]: Unsatisfied dependency expressed through constructor parameter 1: No qualifying bean of type 'com.naukma.springboot.DiscountUtil' available: expected at least 1 bean which qualifies as autowire candidate. Dependency annotations: {}
2023-09-28T23:30:07.946-04:00  INFO 21044 --- [main] j.LocalContainerEntityManagerFactoryBean : Closing JPA EntityManagerFactory for persistence unit 'default'
2023-09-28T23:30:07.948-04:00  INFO 21044 --- [main] com.zaxxer.hikari.HikariDataSource       : HikariPool-1 - Shutdown initiated...
2023-09-28T23:30:09.148-04:00  INFO 21044 --- [main] com.zaxxer.hikari.HikariDataSource       : HikariPool-1 - Shutdown completed.
2023-09-28T23:30:09.151-04:00  INFO 21044 --- [main] o.apache.catalina.core.StandardService   : Stopping service [Tomcat]
2023-09-28T23:30:09.161-04:00  INFO 21044 --- [main] .s.b.a.l.ConditionEvaluationReportLogger : 

Error starting ApplicationContext. To display the condition evaluation report re-run your application with 'debug' enabled.
2023-09-28T23:30:09.180-04:00 ERROR 21044 --- [main] o.s.b.d.LoggingFailureAnalysisReporter   : 

***************************
APPLICATION FAILED TO START
***************************

Description:

Parameter 1 of constructor in com.naukma.introductionspringproject.controller.TestController required a bean of type 'com.naukma.springboot.DiscountUtil' that could not be found.


Action:

Consider defining a bean of type 'com.naukma.springboot.DiscountUtil' in your configuration.

2023-09-28T23:32:02.340-04:00  INFO 14792 --- [main] n.i.IntroductionSpringProjectApplication : Starting IntroductionSpringProjectApplication using Java 20.0.1 with PID 14792 (C:\Users\Anna\Downloads\Projects\SpringBoot\project\IntroductionSpringProject\target\classes started by Anna in C:\Users\Anna\Downloads\Projects\SpringBoot\project\IntroductionSpringProject)
2023-09-28T23:32:02.343-04:00  INFO 14792 --- [main] n.i.IntroductionSpringProjectApplication : No active profile set, falling back to 1 default profile: "default"
2023-09-28T23:32:03.102-04:00  INFO 14792 --- [main] .s.d.r.c.RepositoryConfigurationDelegate : Bootstrapping Spring Data JPA repositories in DEFAULT mode.
2023-09-28T23:32:03.128-04:00  INFO 14792 --- [main] .s.d.r.c.RepositoryConfigurationDelegate : Finished Spring Data repository scanning in 18 ms. Found 0 JPA repository interfaces.
2023-09-28T23:32:03.666-04:00  INFO 14792 --- [main] o.s.b.w.embedded.tomcat.TomcatWebServer  : Tomcat initialized with port(s): 8081 (http)
2023-09-28T23:32:03.679-04:00  INFO 14792 --- [main] o.apache.catalina.core.StandardService   : Starting service [Tomcat]
2023-09-28T23:32:03.679-04:00  INFO 14792 --- [main] o.apache.catalina.core.StandardEngine    : Starting Servlet engine: [Apache Tomcat/10.1.12]
2023-09-28T23:32:03.772-04:00  INFO 14792 --- [main] o.a.c.c.C.[Tomcat].[localhost].[/]       : Initializing Spring embedded WebApplicationContext
2023-09-28T23:32:03.772-04:00  INFO 14792 --- [main] w.s.c.ServletWebServerApplicationContext : Root WebApplicationContext: initialization completed in 1365 ms
2023-09-28T23:32:03.889-04:00  INFO 14792 --- [main] com.zaxxer.hikari.HikariDataSource       : HikariPool-1 - Starting...
2023-09-28T23:32:05.997-04:00  INFO 14792 --- [main] com.zaxxer.hikari.pool.HikariPool        : HikariPool-1 - Added connection org.postgresql.jdbc.PgConnection@1e3f0aea
2023-09-28T23:32:05.999-04:00  INFO 14792 --- [main] com.zaxxer.hikari.HikariDataSource       : HikariPool-1 - Start completed.
2023-09-28T23:32:06.050-04:00  INFO 14792 --- [main] o.hibernate.jpa.internal.util.LogHelper  : HHH000204: Processing PersistenceUnitInfo [name: default]
2023-09-28T23:32:06.106-04:00  INFO 14792 --- [main] org.hibernate.Version                    : HHH000412: Hibernate ORM core version 6.2.7.Final
2023-09-28T23:32:06.109-04:00  INFO 14792 --- [main] org.hibernate.cfg.Environment            : HHH000406: Using bytecode reflection optimizer
2023-09-28T23:32:06.279-04:00  INFO 14792 --- [main] o.h.b.i.BytecodeProviderInitiator        : HHH000021: Bytecode provider name : bytebuddy
2023-09-28T23:32:06.419-04:00  INFO 14792 --- [main] o.s.o.j.p.SpringPersistenceUnitInfo      : No LoadTimeWeaver setup: ignoring JPA class transformer
2023-09-28T23:32:07.161-04:00  INFO 14792 --- [main] o.h.b.i.BytecodeProviderInitiator        : HHH000021: Bytecode provider name : bytebuddy
2023-09-28T23:32:07.834-04:00  INFO 14792 --- [main] o.h.e.t.j.p.i.JtaPlatformInitiator       : HHH000490: Using JtaPlatform implementation: [org.hibernate.engine.transaction.jta.platform.internal.NoJtaPlatform]
2023-09-28T23:32:07.838-04:00  INFO 14792 --- [main] j.LocalContainerEntityManagerFactoryBean : Initialized JPA EntityManagerFactory for persistence unit 'default'
2023-09-28T23:32:07.847-04:00  WARN 14792 --- [main] ConfigServletWebServerApplicationContext : Exception encountered during context initialization - cancelling refresh attempt: org.springframework.beans.factory.UnsatisfiedDependencyException: Error creating bean with name 'testController' defined in file [C:\Users\Anna\Downloads\Projects\SpringBoot\project\IntroductionSpringProject\target\classes\com\naukma\introductionspringproject\controller\TestController.class]: Unsatisfied dependency expressed through constructor parameter 1: No qualifying bean of type 'com.naukma.springboot.DiscountUtil' available: expected at least 1 bean which qualifies as autowire candidate. Dependency annotations: {}
2023-09-28T23:32:07.847-04:00  INFO 14792 --- [main] j.LocalContainerEntityManagerFactoryBean : Closing JPA EntityManagerFactory for persistence unit 'default'
2023-09-28T23:32:07.850-04:00  INFO 14792 --- [main] com.zaxxer.hikari.HikariDataSource       : HikariPool-1 - Shutdown initiated...
2023-09-28T23:32:08.156-04:00  INFO 14792 --- [main] com.zaxxer.hikari.HikariDataSource       : HikariPool-1 - Shutdown completed.
2023-09-28T23:32:08.157-04:00  INFO 14792 --- [main] o.apache.catalina.core.StandardService   : Stopping service [Tomcat]
2023-09-28T23:32:08.167-04:00  INFO 14792 --- [main] .s.b.a.l.ConditionEvaluationReportLogger : 

Error starting ApplicationContext. To display the condition evaluation report re-run your application with 'debug' enabled.
2023-09-28T23:32:08.194-04:00 ERROR 14792 --- [main] o.s.b.d.LoggingFailureAnalysisReporter   : 

***************************
APPLICATION FAILED TO START
***************************

Description:

Parameter 1 of constructor in com.naukma.introductionspringproject.controller.TestController required a bean of type 'com.naukma.springboot.DiscountUtil' that could not be found.


Action:

Consider defining a bean of type 'com.naukma.springboot.DiscountUtil' in your configuration.

2023-09-28T23:44:30.696-04:00  INFO 15888 --- [main] n.i.IntroductionSpringProjectApplication : Starting IntroductionSpringProjectApplication using Java 20.0.1 with PID 15888 (C:\Users\Anna\Downloads\Projects\SpringBoot\project\IntroductionSpringProject\target\classes started by Anna in C:\Users\Anna\Downloads\Projects\SpringBoot\project\IntroductionSpringProject)
2023-09-28T23:44:30.698-04:00  INFO 15888 --- [main] n.i.IntroductionSpringProjectApplication : No active profile set, falling back to 1 default profile: "default"
2023-09-28T23:44:31.572-04:00  INFO 15888 --- [main] .s.d.r.c.RepositoryConfigurationDelegate : Bootstrapping Spring Data JPA repositories in DEFAULT mode.
2023-09-28T23:44:31.625-04:00  INFO 15888 --- [main] .s.d.r.c.RepositoryConfigurationDelegate : Finished Spring Data repository scanning in 33 ms. Found 0 JPA repository interfaces.
2023-09-28T23:44:32.306-04:00  INFO 15888 --- [main] o.s.b.w.embedded.tomcat.TomcatWebServer  : Tomcat initialized with port(s): 8081 (http)
2023-09-28T23:44:32.316-04:00  INFO 15888 --- [main] o.apache.catalina.core.StandardService   : Starting service [Tomcat]
2023-09-28T23:44:32.316-04:00  INFO 15888 --- [main] o.apache.catalina.core.StandardEngine    : Starting Servlet engine: [Apache Tomcat/10.1.12]
2023-09-28T23:44:32.399-04:00  INFO 15888 --- [main] o.a.c.c.C.[Tomcat].[localhost].[/]       : Initializing Spring embedded WebApplicationContext
2023-09-28T23:44:32.400-04:00  INFO 15888 --- [main] w.s.c.ServletWebServerApplicationContext : Root WebApplicationContext: initialization completed in 1651 ms
2023-09-28T23:44:32.534-04:00  INFO 15888 --- [main] com.zaxxer.hikari.HikariDataSource       : HikariPool-1 - Starting...
2023-09-28T23:44:34.960-04:00  INFO 15888 --- [main] com.zaxxer.hikari.pool.HikariPool        : HikariPool-1 - Added connection org.postgresql.jdbc.PgConnection@388c519
2023-09-28T23:44:34.963-04:00  INFO 15888 --- [main] com.zaxxer.hikari.HikariDataSource       : HikariPool-1 - Start completed.
2023-09-28T23:44:35.032-04:00  INFO 15888 --- [main] o.hibernate.jpa.internal.util.LogHelper  : HHH000204: Processing PersistenceUnitInfo [name: default]
2023-09-28T23:44:35.113-04:00  INFO 15888 --- [main] org.hibernate.Version                    : HHH000412: Hibernate ORM core version 6.2.7.Final
2023-09-28T23:44:35.116-04:00  INFO 15888 --- [main] org.hibernate.cfg.Environment            : HHH000406: Using bytecode reflection optimizer
2023-09-28T23:44:35.277-04:00  INFO 15888 --- [main] o.h.b.i.BytecodeProviderInitiator        : HHH000021: Bytecode provider name : bytebuddy
2023-09-28T23:44:35.416-04:00  INFO 15888 --- [main] o.s.o.j.p.SpringPersistenceUnitInfo      : No LoadTimeWeaver setup: ignoring JPA class transformer
2023-09-28T23:44:36.140-04:00  INFO 15888 --- [main] o.h.b.i.BytecodeProviderInitiator        : HHH000021: Bytecode provider name : bytebuddy
2023-09-28T23:44:36.926-04:00  INFO 15888 --- [main] o.h.e.t.j.p.i.JtaPlatformInitiator       : HHH000490: Using JtaPlatform implementation: [org.hibernate.engine.transaction.jta.platform.internal.NoJtaPlatform]
2023-09-28T23:44:36.929-04:00  INFO 15888 --- [main] j.LocalContainerEntityManagerFactoryBean : Initialized JPA EntityManagerFactory for persistence unit 'default'
2023-09-28T23:44:36.986-04:00  WARN 15888 --- [main] JpaBaseConfiguration$JpaWebConfiguration : spring.jpa.open-in-view is enabled by default. Therefore, database queries may be performed during view rendering. Explicitly configure spring.jpa.open-in-view to disable this warning
2023-09-28T23:44:37.391-04:00  INFO 15888 --- [main] o.s.b.w.embedded.tomcat.TomcatWebServer  : Tomcat started on port(s): 8081 (http) with context path ''
2023-09-28T23:44:37.400-04:00  INFO 15888 --- [main] n.i.IntroductionSpringProjectApplication : Started IntroductionSpringProjectApplication in 7.204 seconds (process running for 7.926)
2023-09-28T23:45:11.507-04:00  INFO 15888 --- [SpringApplicationShutdownHook] j.LocalContainerEntityManagerFactoryBean : Closing JPA EntityManagerFactory for persistence unit 'default'
2023-09-28T23:45:11.509-04:00  INFO 15888 --- [SpringApplicationShutdownHook] com.zaxxer.hikari.HikariDataSource       : HikariPool-1 - Shutdown initiated...
2023-09-28T23:45:12.934-04:00  INFO 15888 --- [SpringApplicationShutdownHook] com.zaxxer.hikari.HikariDataSource       : HikariPool-1 - Shutdown completed.
2023-09-28T23:45:17.429-04:00  INFO 15412 --- [main] n.i.IntroductionSpringProjectApplication : Starting IntroductionSpringProjectApplication using Java 20.0.1 with PID 15412 (C:\Users\Anna\Downloads\Projects\SpringBoot\project\IntroductionSpringProject\target\classes started by Anna in C:\Users\Anna\Downloads\Projects\SpringBoot\project\IntroductionSpringProject)
2023-09-28T23:45:17.431-04:00  INFO 15412 --- [main] n.i.IntroductionSpringProjectApplication : No active profile set, falling back to 1 default profile: "default"
2023-09-28T23:45:18.060-04:00  INFO 15412 --- [main] .s.d.r.c.RepositoryConfigurationDelegate : Bootstrapping Spring Data JPA repositories in DEFAULT mode.
2023-09-28T23:45:18.081-04:00  INFO 15412 --- [main] .s.d.r.c.RepositoryConfigurationDelegate : Finished Spring Data repository scanning in 13 ms. Found 0 JPA repository interfaces.
2023-09-28T23:45:18.611-04:00  INFO 15412 --- [main] o.s.b.w.embedded.tomcat.TomcatWebServer  : Tomcat initialized with port(s): 8081 (http)
2023-09-28T23:45:18.619-04:00  INFO 15412 --- [main] o.apache.catalina.core.StandardService   : Starting service [Tomcat]
2023-09-28T23:45:18.620-04:00  INFO 15412 --- [main] o.apache.catalina.core.StandardEngine    : Starting Servlet engine: [Apache Tomcat/10.1.12]
2023-09-28T23:45:18.704-04:00  INFO 15412 --- [main] o.a.c.c.C.[Tomcat].[localhost].[/]       : Initializing Spring embedded WebApplicationContext
2023-09-28T23:45:18.704-04:00  INFO 15412 --- [main] w.s.c.ServletWebServerApplicationContext : Root WebApplicationContext: initialization completed in 1215 ms
2023-09-28T23:45:18.802-04:00  INFO 15412 --- [main] com.zaxxer.hikari.HikariDataSource       : HikariPool-1 - Starting...
2023-09-28T23:45:20.516-04:00  INFO 15412 --- [main] com.zaxxer.hikari.pool.HikariPool        : HikariPool-1 - Added connection org.postgresql.jdbc.PgConnection@7fdd43cd
2023-09-28T23:45:20.518-04:00  INFO 15412 --- [main] com.zaxxer.hikari.HikariDataSource       : HikariPool-1 - Start completed.
2023-09-28T23:45:20.566-04:00  INFO 15412 --- [main] o.hibernate.jpa.internal.util.LogHelper  : HHH000204: Processing PersistenceUnitInfo [name: default]
2023-09-28T23:45:20.626-04:00  INFO 15412 --- [main] org.hibernate.Version                    : HHH000412: Hibernate ORM core version 6.2.7.Final
2023-09-28T23:45:20.628-04:00  INFO 15412 --- [main] org.hibernate.cfg.Environment            : HHH000406: Using bytecode reflection optimizer
2023-09-28T23:45:20.759-04:00  INFO 15412 --- [main] o.h.b.i.BytecodeProviderInitiator        : HHH000021: Bytecode provider name : bytebuddy
2023-09-28T23:45:21.049-04:00  INFO 15412 --- [main] o.s.o.j.p.SpringPersistenceUnitInfo      : No LoadTimeWeaver setup: ignoring JPA class transformer
2023-09-28T23:45:21.790-04:00  INFO 15412 --- [main] o.h.b.i.BytecodeProviderInitiator        : HHH000021: Bytecode provider name : bytebuddy
2023-09-28T23:45:22.565-04:00  INFO 15412 --- [main] o.h.e.t.j.p.i.JtaPlatformInitiator       : HHH000490: Using JtaPlatform implementation: [org.hibernate.engine.transaction.jta.platform.internal.NoJtaPlatform]
2023-09-28T23:45:22.568-04:00  INFO 15412 --- [main] j.LocalContainerEntityManagerFactoryBean : Initialized JPA EntityManagerFactory for persistence unit 'default'
2023-09-28T23:45:22.626-04:00  WARN 15412 --- [main] JpaBaseConfiguration$JpaWebConfiguration : spring.jpa.open-in-view is enabled by default. Therefore, database queries may be performed during view rendering. Explicitly configure spring.jpa.open-in-view to disable this warning
2023-09-28T23:45:22.954-04:00  INFO 15412 --- [main] o.s.b.w.embedded.tomcat.TomcatWebServer  : Tomcat started on port(s): 8081 (http) with context path ''
2023-09-28T23:45:22.965-04:00  INFO 15412 --- [main] n.i.IntroductionSpringProjectApplication : Started IntroductionSpringProjectApplication in 5.958 seconds (process running for 6.586)
2023-09-28T23:46:06.383-04:00  INFO 15412 --- [SpringApplicationShutdownHook] j.LocalContainerEntityManagerFactoryBean : Closing JPA EntityManagerFactory for persistence unit 'default'
2023-09-28T23:46:06.385-04:00  INFO 15412 --- [SpringApplicationShutdownHook] com.zaxxer.hikari.HikariDataSource       : HikariPool-1 - Shutdown initiated...
2023-09-28T23:46:07.488-04:00  INFO 15412 --- [SpringApplicationShutdownHook] com.zaxxer.hikari.HikariDataSource       : HikariPool-1 - Shutdown completed.
2023-09-28T23:46:12.107-04:00  INFO 21116 --- [main] n.i.IntroductionSpringProjectApplication : Starting IntroductionSpringProjectApplication using Java 20.0.1 with PID 21116 (C:\Users\Anna\Downloads\Projects\SpringBoot\project\IntroductionSpringProject\target\classes started by Anna in C:\Users\Anna\Downloads\Projects\SpringBoot\project\IntroductionSpringProject)
2023-09-28T23:46:12.108-04:00  INFO 21116 --- [main] n.i.IntroductionSpringProjectApplication : No active profile set, falling back to 1 default profile: "default"
2023-09-28T23:46:12.686-04:00  INFO 21116 --- [main] .s.d.r.c.RepositoryConfigurationDelegate : Bootstrapping Spring Data JPA repositories in DEFAULT mode.
2023-09-28T23:46:12.708-04:00  INFO 21116 --- [main] .s.d.r.c.RepositoryConfigurationDelegate : Finished Spring Data repository scanning in 14 ms. Found 0 JPA repository interfaces.
2023-09-28T23:46:13.168-04:00  INFO 21116 --- [main] o.s.b.w.embedded.tomcat.TomcatWebServer  : Tomcat initialized with port(s): 8081 (http)
2023-09-28T23:46:13.176-04:00  INFO 21116 --- [main] o.apache.catalina.core.StandardService   : Starting service [Tomcat]
2023-09-28T23:46:13.176-04:00  INFO 21116 --- [main] o.apache.catalina.core.StandardEngine    : Starting Servlet engine: [Apache Tomcat/10.1.12]
2023-09-28T23:46:13.254-04:00  INFO 21116 --- [main] o.a.c.c.C.[Tomcat].[localhost].[/]       : Initializing Spring embedded WebApplicationContext
2023-09-28T23:46:13.255-04:00  INFO 21116 --- [main] w.s.c.ServletWebServerApplicationContext : Root WebApplicationContext: initialization completed in 1087 ms
2023-09-28T23:46:13.368-04:00  INFO 21116 --- [main] com.zaxxer.hikari.HikariDataSource       : HikariPool-1 - Starting...
2023-09-28T23:46:15.403-04:00  INFO 21116 --- [main] com.zaxxer.hikari.pool.HikariPool        : HikariPool-1 - Added connection org.postgresql.jdbc.PgConnection@2d7637e6
2023-09-28T23:46:15.405-04:00  INFO 21116 --- [main] com.zaxxer.hikari.HikariDataSource       : HikariPool-1 - Start completed.
2023-09-28T23:46:15.457-04:00  INFO 21116 --- [main] o.hibernate.jpa.internal.util.LogHelper  : HHH000204: Processing PersistenceUnitInfo [name: default]
2023-09-28T23:46:15.518-04:00  INFO 21116 --- [main] org.hibernate.Version                    : HHH000412: Hibernate ORM core version 6.2.7.Final
2023-09-28T23:46:15.520-04:00  INFO 21116 --- [main] org.hibernate.cfg.Environment            : HHH000406: Using bytecode reflection optimizer
2023-09-28T23:46:15.648-04:00  INFO 21116 --- [main] o.h.b.i.BytecodeProviderInitiator        : HHH000021: Bytecode provider name : bytebuddy
2023-09-28T23:46:15.774-04:00  INFO 21116 --- [main] o.s.o.j.p.SpringPersistenceUnitInfo      : No LoadTimeWeaver setup: ignoring JPA class transformer
2023-09-28T23:46:16.343-04:00  INFO 21116 --- [main] o.h.b.i.BytecodeProviderInitiator        : HHH000021: Bytecode provider name : bytebuddy
2023-09-28T23:46:16.997-04:00  INFO 21116 --- [main] o.h.e.t.j.p.i.JtaPlatformInitiator       : HHH000490: Using JtaPlatform implementation: [org.hibernate.engine.transaction.jta.platform.internal.NoJtaPlatform]
2023-09-28T23:46:16.999-04:00  INFO 21116 --- [main] j.LocalContainerEntityManagerFactoryBean : Initialized JPA EntityManagerFactory for persistence unit 'default'
2023-09-28T23:46:17.012-04:00  WARN 21116 --- [main] ConfigServletWebServerApplicationContext : Exception encountered during context initialization - cancelling refresh attempt: org.springframework.beans.factory.UnsatisfiedDependencyException: Error creating bean with name 'testController' defined in file [C:\Users\Anna\Downloads\Projects\SpringBoot\project\IntroductionSpringProject\target\classes\com\naukma\introductionspringproject\controller\TestController.class]: Unsatisfied dependency expressed through constructor parameter 1: No qualifying bean of type 'com.naukma.springboot.DiscountUtil' available: expected at least 1 bean which qualifies as autowire candidate. Dependency annotations: {}
2023-09-28T23:46:17.012-04:00  INFO 21116 --- [main] j.LocalContainerEntityManagerFactoryBean : Closing JPA EntityManagerFactory for persistence unit 'default'
2023-09-28T23:46:17.014-04:00  INFO 21116 --- [main] com.zaxxer.hikari.HikariDataSource       : HikariPool-1 - Shutdown initiated...
2023-09-28T23:46:17.876-04:00  INFO 21116 --- [main] com.zaxxer.hikari.HikariDataSource       : HikariPool-1 - Shutdown completed.
2023-09-28T23:46:17.878-04:00  INFO 21116 --- [main] o.apache.catalina.core.StandardService   : Stopping service [Tomcat]
2023-09-28T23:46:17.891-04:00  INFO 21116 --- [main] .s.b.a.l.ConditionEvaluationReportLogger : 

Error starting ApplicationContext. To display the condition evaluation report re-run your application with 'debug' enabled.
2023-09-28T23:46:17.928-04:00 ERROR 21116 --- [main] o.s.b.d.LoggingFailureAnalysisReporter   : 

***************************
APPLICATION FAILED TO START
***************************

Description:

Parameter 1 of constructor in com.naukma.introductionspringproject.controller.TestController required a bean of type 'com.naukma.springboot.DiscountUtil' that could not be found.


Action:

Consider defining a bean of type 'com.naukma.springboot.DiscountUtil' in your configuration.

2023-09-28T23:47:13.955-04:00  INFO 15516 --- [main] n.i.IntroductionSpringProjectApplication : Starting IntroductionSpringProjectApplication using Java 20.0.1 with PID 15516 (C:\Users\Anna\Downloads\Projects\SpringBoot\project\IntroductionSpringProject\target\classes started by Anna in C:\Users\Anna\Downloads\Projects\SpringBoot\project\IntroductionSpringProject)
2023-09-28T23:47:13.957-04:00  INFO 15516 --- [main] n.i.IntroductionSpringProjectApplication : No active profile set, falling back to 1 default profile: "default"
2023-09-28T23:47:14.580-04:00  INFO 15516 --- [main] .s.d.r.c.RepositoryConfigurationDelegate : Bootstrapping Spring Data JPA repositories in DEFAULT mode.
2023-09-28T23:47:14.600-04:00  INFO 15516 --- [main] .s.d.r.c.RepositoryConfigurationDelegate : Finished Spring Data repository scanning in 14 ms. Found 0 JPA repository interfaces.
2023-09-28T23:47:15.084-04:00  INFO 15516 --- [main] o.s.b.w.embedded.tomcat.TomcatWebServer  : Tomcat initialized with port(s): 8081 (http)
2023-09-28T23:47:15.091-04:00  INFO 15516 --- [main] o.apache.catalina.core.StandardService   : Starting service [Tomcat]
2023-09-28T23:47:15.092-04:00  INFO 15516 --- [main] o.apache.catalina.core.StandardEngine    : Starting Servlet engine: [Apache Tomcat/10.1.12]
2023-09-28T23:47:15.192-04:00  INFO 15516 --- [main] o.a.c.c.C.[Tomcat].[localhost].[/]       : Initializing Spring embedded WebApplicationContext
2023-09-28T23:47:15.192-04:00  INFO 15516 --- [main] w.s.c.ServletWebServerApplicationContext : Root WebApplicationContext: initialization completed in 1182 ms
2023-09-28T23:47:15.295-04:00  INFO 15516 --- [main] com.zaxxer.hikari.HikariDataSource       : HikariPool-1 - Starting...
2023-09-28T23:47:16.899-04:00  INFO 15516 --- [main] com.zaxxer.hikari.pool.HikariPool        : HikariPool-1 - Added connection org.postgresql.jdbc.PgConnection@1e3f0aea
2023-09-28T23:47:16.901-04:00  INFO 15516 --- [main] com.zaxxer.hikari.HikariDataSource       : HikariPool-1 - Start completed.
2023-09-28T23:47:16.945-04:00  INFO 15516 --- [main] o.hibernate.jpa.internal.util.LogHelper  : HHH000204: Processing PersistenceUnitInfo [name: default]
2023-09-28T23:47:17.004-04:00  INFO 15516 --- [main] org.hibernate.Version                    : HHH000412: Hibernate ORM core version 6.2.7.Final
2023-09-28T23:47:17.007-04:00  INFO 15516 --- [main] org.hibernate.cfg.Environment            : HHH000406: Using bytecode reflection optimizer
2023-09-28T23:47:17.146-04:00  INFO 15516 --- [main] o.h.b.i.BytecodeProviderInitiator        : HHH000021: Bytecode provider name : bytebuddy
2023-09-28T23:47:17.279-04:00  INFO 15516 --- [main] o.s.o.j.p.SpringPersistenceUnitInfo      : No LoadTimeWeaver setup: ignoring JPA class transformer
2023-09-28T23:47:17.873-04:00  INFO 15516 --- [main] o.h.b.i.BytecodeProviderInitiator        : HHH000021: Bytecode provider name : bytebuddy
2023-09-28T23:47:18.554-04:00  INFO 15516 --- [main] o.h.e.t.j.p.i.JtaPlatformInitiator       : HHH000490: Using JtaPlatform implementation: [org.hibernate.engine.transaction.jta.platform.internal.NoJtaPlatform]
2023-09-28T23:47:18.557-04:00  INFO 15516 --- [main] j.LocalContainerEntityManagerFactoryBean : Initialized JPA EntityManagerFactory for persistence unit 'default'
2023-09-28T23:47:18.567-04:00  WARN 15516 --- [main] ConfigServletWebServerApplicationContext : Exception encountered during context initialization - cancelling refresh attempt: org.springframework.beans.factory.UnsatisfiedDependencyException: Error creating bean with name 'testController' defined in file [C:\Users\Anna\Downloads\Projects\SpringBoot\project\IntroductionSpringProject\target\classes\com\naukma\introductionspringproject\controller\TestController.class]: Unsatisfied dependency expressed through constructor parameter 1: No qualifying bean of type 'com.naukma.springboot.DiscountUtil' available: expected at least 1 bean which qualifies as autowire candidate. Dependency annotations: {}
2023-09-28T23:47:18.567-04:00  INFO 15516 --- [main] j.LocalContainerEntityManagerFactoryBean : Closing JPA EntityManagerFactory for persistence unit 'default'
2023-09-28T23:47:18.570-04:00  INFO 15516 --- [main] com.zaxxer.hikari.HikariDataSource       : HikariPool-1 - Shutdown initiated...
2023-09-28T23:47:19.404-04:00  INFO 15516 --- [main] com.zaxxer.hikari.HikariDataSource       : HikariPool-1 - Shutdown completed.
2023-09-28T23:47:19.406-04:00  INFO 15516 --- [main] o.apache.catalina.core.StandardService   : Stopping service [Tomcat]
2023-09-28T23:47:19.417-04:00  INFO 15516 --- [main] .s.b.a.l.ConditionEvaluationReportLogger : 

Error starting ApplicationContext. To display the condition evaluation report re-run your application with 'debug' enabled.
2023-09-28T23:47:19.435-04:00 ERROR 15516 --- [main] o.s.b.d.LoggingFailureAnalysisReporter   : 

***************************
APPLICATION FAILED TO START
***************************

Description:

Parameter 1 of constructor in com.naukma.introductionspringproject.controller.TestController required a bean of type 'com.naukma.springboot.DiscountUtil' that could not be found.


Action:

Consider defining a bean of type 'com.naukma.springboot.DiscountUtil' in your configuration.

2023-09-28T23:47:38.989-04:00  INFO 12896 --- [main] n.i.IntroductionSpringProjectApplication : Starting IntroductionSpringProjectApplication using Java 20.0.1 with PID 12896 (C:\Users\Anna\Downloads\Projects\SpringBoot\project\IntroductionSpringProject\target\classes started by Anna in C:\Users\Anna\Downloads\Projects\SpringBoot\project\IntroductionSpringProject)
2023-09-28T23:47:38.991-04:00  INFO 12896 --- [main] n.i.IntroductionSpringProjectApplication : No active profile set, falling back to 1 default profile: "default"
2023-09-28T23:47:39.552-04:00  INFO 12896 --- [main] .s.d.r.c.RepositoryConfigurationDelegate : Bootstrapping Spring Data JPA repositories in DEFAULT mode.
2023-09-28T23:47:39.571-04:00  INFO 12896 --- [main] .s.d.r.c.RepositoryConfigurationDelegate : Finished Spring Data repository scanning in 12 ms. Found 0 JPA repository interfaces.
2023-09-28T23:47:40.033-04:00  INFO 12896 --- [main] o.s.b.w.embedded.tomcat.TomcatWebServer  : Tomcat initialized with port(s): 8081 (http)
2023-09-28T23:47:40.048-04:00  INFO 12896 --- [main] o.apache.catalina.core.StandardService   : Starting service [Tomcat]
2023-09-28T23:47:40.048-04:00  INFO 12896 --- [main] o.apache.catalina.core.StandardEngine    : Starting Servlet engine: [Apache Tomcat/10.1.12]
2023-09-28T23:47:40.127-04:00  INFO 12896 --- [main] o.a.c.c.C.[Tomcat].[localhost].[/]       : Initializing Spring embedded WebApplicationContext
2023-09-28T23:47:40.128-04:00  INFO 12896 --- [main] w.s.c.ServletWebServerApplicationContext : Root WebApplicationContext: initialization completed in 1083 ms
2023-09-28T23:47:40.230-04:00  INFO 12896 --- [main] com.zaxxer.hikari.HikariDataSource       : HikariPool-1 - Starting...
2023-09-28T23:47:41.949-04:00  INFO 12896 --- [main] com.zaxxer.hikari.pool.HikariPool        : HikariPool-1 - Added connection org.postgresql.jdbc.PgConnection@198536f6
2023-09-28T23:47:41.951-04:00  INFO 12896 --- [main] com.zaxxer.hikari.HikariDataSource       : HikariPool-1 - Start completed.
2023-09-28T23:47:41.990-04:00  INFO 12896 --- [main] o.hibernate.jpa.internal.util.LogHelper  : HHH000204: Processing PersistenceUnitInfo [name: default]
2023-09-28T23:47:42.052-04:00  INFO 12896 --- [main] org.hibernate.Version                    : HHH000412: Hibernate ORM core version 6.2.7.Final
2023-09-28T23:47:42.055-04:00  INFO 12896 --- [main] org.hibernate.cfg.Environment            : HHH000406: Using bytecode reflection optimizer
2023-09-28T23:47:42.186-04:00  INFO 12896 --- [main] o.h.b.i.BytecodeProviderInitiator        : HHH000021: Bytecode provider name : bytebuddy
2023-09-28T23:47:42.309-04:00  INFO 12896 --- [main] o.s.o.j.p.SpringPersistenceUnitInfo      : No LoadTimeWeaver setup: ignoring JPA class transformer
2023-09-28T23:47:43.005-04:00  INFO 12896 --- [main] o.h.b.i.BytecodeProviderInitiator        : HHH000021: Bytecode provider name : bytebuddy
2023-09-28T23:47:43.658-04:00  INFO 12896 --- [main] o.h.e.t.j.p.i.JtaPlatformInitiator       : HHH000490: Using JtaPlatform implementation: [org.hibernate.engine.transaction.jta.platform.internal.NoJtaPlatform]
2023-09-28T23:47:43.661-04:00  INFO 12896 --- [main] j.LocalContainerEntityManagerFactoryBean : Initialized JPA EntityManagerFactory for persistence unit 'default'
2023-09-28T23:47:43.714-04:00  WARN 12896 --- [main] JpaBaseConfiguration$JpaWebConfiguration : spring.jpa.open-in-view is enabled by default. Therefore, database queries may be performed during view rendering. Explicitly configure spring.jpa.open-in-view to disable this warning
2023-09-28T23:47:44.065-04:00  INFO 12896 --- [main] o.s.b.w.embedded.tomcat.TomcatWebServer  : Tomcat started on port(s): 8081 (http) with context path ''
2023-09-28T23:47:44.075-04:00  INFO 12896 --- [main] n.i.IntroductionSpringProjectApplication : Started IntroductionSpringProjectApplication in 5.511 seconds (process running for 6.241)
2023-09-28T23:52:29.786-04:00  INFO 12896 --- [SpringApplicationShutdownHook] j.LocalContainerEntityManagerFactoryBean : Closing JPA EntityManagerFactory for persistence unit 'default'
2023-09-28T23:52:29.789-04:00  INFO 12896 --- [SpringApplicationShutdownHook] com.zaxxer.hikari.HikariDataSource       : HikariPool-1 - Shutdown initiated...
2023-09-28T23:52:30.899-04:00  INFO 12896 --- [SpringApplicationShutdownHook] com.zaxxer.hikari.HikariDataSource       : HikariPool-1 - Shutdown completed.
2023-09-28T23:52:37.776-04:00  INFO 7096 --- [main] n.i.IntroductionSpringProjectApplication : Starting IntroductionSpringProjectApplication using Java 20.0.1 with PID 7096 (C:\Users\Anna\Downloads\Projects\SpringBoot\project\IntroductionSpringProject\target\classes started by Anna in C:\Users\Anna\Downloads\Projects\SpringBoot\project\IntroductionSpringProject)
2023-09-28T23:52:37.778-04:00  INFO 7096 --- [main] n.i.IntroductionSpringProjectApplication : No active profile set, falling back to 1 default profile: "default"
2023-09-28T23:52:38.434-04:00  INFO 7096 --- [main] .s.d.r.c.RepositoryConfigurationDelegate : Bootstrapping Spring Data JPA repositories in DEFAULT mode.
2023-09-28T23:52:38.454-04:00  INFO 7096 --- [main] .s.d.r.c.RepositoryConfigurationDelegate : Finished Spring Data repository scanning in 13 ms. Found 0 JPA repository interfaces.
2023-09-28T23:52:38.950-04:00  INFO 7096 --- [main] o.s.b.w.embedded.tomcat.TomcatWebServer  : Tomcat initialized with port(s): 8081 (http)
2023-09-28T23:52:38.962-04:00  INFO 7096 --- [main] o.apache.catalina.core.StandardService   : Starting service [Tomcat]
2023-09-28T23:52:38.963-04:00  INFO 7096 --- [main] o.apache.catalina.core.StandardEngine    : Starting Servlet engine: [Apache Tomcat/10.1.12]
2023-09-28T23:52:39.074-04:00  INFO 7096 --- [main] o.a.c.c.C.[Tomcat].[localhost].[/]       : Initializing Spring embedded WebApplicationContext
2023-09-28T23:52:39.075-04:00  INFO 7096 --- [main] w.s.c.ServletWebServerApplicationContext : Root WebApplicationContext: initialization completed in 1235 ms
2023-09-28T23:52:39.215-04:00  INFO 7096 --- [main] com.zaxxer.hikari.HikariDataSource       : HikariPool-1 - Starting...
2023-09-28T23:52:41.457-04:00  INFO 7096 --- [main] com.zaxxer.hikari.pool.HikariPool        : HikariPool-1 - Added connection org.postgresql.jdbc.PgConnection@31723307
2023-09-28T23:52:41.459-04:00  INFO 7096 --- [main] com.zaxxer.hikari.HikariDataSource       : HikariPool-1 - Start completed.
2023-09-28T23:52:41.509-04:00  INFO 7096 --- [main] o.hibernate.jpa.internal.util.LogHelper  : HHH000204: Processing PersistenceUnitInfo [name: default]
2023-09-28T23:52:41.584-04:00  INFO 7096 --- [main] org.hibernate.Version                    : HHH000412: Hibernate ORM core version 6.2.7.Final
2023-09-28T23:52:41.588-04:00  INFO 7096 --- [main] org.hibernate.cfg.Environment            : HHH000406: Using bytecode reflection optimizer
2023-09-28T23:52:41.724-04:00  INFO 7096 --- [main] o.h.b.i.BytecodeProviderInitiator        : HHH000021: Bytecode provider name : bytebuddy
2023-09-28T23:52:41.864-04:00  INFO 7096 --- [main] o.s.o.j.p.SpringPersistenceUnitInfo      : No LoadTimeWeaver setup: ignoring JPA class transformer
2023-09-28T23:52:42.734-04:00  INFO 7096 --- [main] o.h.b.i.BytecodeProviderInitiator        : HHH000021: Bytecode provider name : bytebuddy
2023-09-28T23:52:43.378-04:00  INFO 7096 --- [main] o.h.e.t.j.p.i.JtaPlatformInitiator       : HHH000490: Using JtaPlatform implementation: [org.hibernate.engine.transaction.jta.platform.internal.NoJtaPlatform]
2023-09-28T23:52:43.381-04:00  INFO 7096 --- [main] j.LocalContainerEntityManagerFactoryBean : Initialized JPA EntityManagerFactory for persistence unit 'default'
2023-09-28T23:52:43.398-04:00  WARN 7096 --- [main] ConfigServletWebServerApplicationContext : Exception encountered during context initialization - cancelling refresh attempt: org.springframework.beans.factory.UnsatisfiedDependencyException: Error creating bean with name 'testController' defined in file [C:\Users\Anna\Downloads\Projects\SpringBoot\project\IntroductionSpringProject\target\classes\com\naukma\introductionspringproject\controller\TestController.class]: Unsatisfied dependency expressed through constructor parameter 1: No qualifying bean of type 'com.naukma.springboot.DiscountUtil' available: expected at least 1 bean which qualifies as autowire candidate. Dependency annotations: {}
2023-09-28T23:52:43.399-04:00  INFO 7096 --- [main] j.LocalContainerEntityManagerFactoryBean : Closing JPA EntityManagerFactory for persistence unit 'default'
2023-09-28T23:52:43.401-04:00  INFO 7096 --- [main] com.zaxxer.hikari.HikariDataSource       : HikariPool-1 - Shutdown initiated...
2023-09-28T23:52:43.994-04:00  INFO 7096 --- [main] com.zaxxer.hikari.HikariDataSource       : HikariPool-1 - Shutdown completed.
2023-09-28T23:52:43.995-04:00  INFO 7096 --- [main] o.apache.catalina.core.StandardService   : Stopping service [Tomcat]
2023-09-28T23:52:44.005-04:00  INFO 7096 --- [main] .s.b.a.l.ConditionEvaluationReportLogger : 

Error starting ApplicationContext. To display the condition evaluation report re-run your application with 'debug' enabled.
2023-09-28T23:52:44.034-04:00 ERROR 7096 --- [main] o.s.b.d.LoggingFailureAnalysisReporter   : 

***************************
APPLICATION FAILED TO START
***************************

Description:

Parameter 1 of constructor in com.naukma.introductionspringproject.controller.TestController required a bean of type 'com.naukma.springboot.DiscountUtil' that could not be found.


Action:

Consider defining a bean of type 'com.naukma.springboot.DiscountUtil' in your configuration.

2023-09-28T23:53:52.883-04:00  INFO 18016 --- [main] n.i.IntroductionSpringProjectApplication : Starting IntroductionSpringProjectApplication using Java 20.0.1 with PID 18016 (C:\Users\Anna\Downloads\Projects\SpringBoot\project\IntroductionSpringProject\target\classes started by Anna in C:\Users\Anna\Downloads\Projects\SpringBoot\project\IntroductionSpringProject)
2023-09-28T23:53:52.885-04:00  INFO 18016 --- [main] n.i.IntroductionSpringProjectApplication : No active profile set, falling back to 1 default profile: "default"
2023-09-28T23:53:53.522-04:00  INFO 18016 --- [main] .s.d.r.c.RepositoryConfigurationDelegate : Bootstrapping Spring Data JPA repositories in DEFAULT mode.
2023-09-28T23:53:53.550-04:00  INFO 18016 --- [main] .s.d.r.c.RepositoryConfigurationDelegate : Finished Spring Data repository scanning in 16 ms. Found 0 JPA repository interfaces.
2023-09-28T23:53:54.046-04:00  INFO 18016 --- [main] o.s.b.w.embedded.tomcat.TomcatWebServer  : Tomcat initialized with port(s): 8081 (http)
2023-09-28T23:53:54.054-04:00  INFO 18016 --- [main] o.apache.catalina.core.StandardService   : Starting service [Tomcat]
2023-09-28T23:53:54.055-04:00  INFO 18016 --- [main] o.apache.catalina.core.StandardEngine    : Starting Servlet engine: [Apache Tomcat/10.1.12]
2023-09-28T23:53:54.137-04:00  INFO 18016 --- [main] o.a.c.c.C.[Tomcat].[localhost].[/]       : Initializing Spring embedded WebApplicationContext
2023-09-28T23:53:54.137-04:00  INFO 18016 --- [main] w.s.c.ServletWebServerApplicationContext : Root WebApplicationContext: initialization completed in 1191 ms
2023-09-28T23:53:54.255-04:00  INFO 18016 --- [main] com.zaxxer.hikari.HikariDataSource       : HikariPool-1 - Starting...
2023-09-28T23:53:56.393-04:00  INFO 18016 --- [main] com.zaxxer.hikari.pool.HikariPool        : HikariPool-1 - Added connection org.postgresql.jdbc.PgConnection@594131f2
2023-09-28T23:53:56.398-04:00  INFO 18016 --- [main] com.zaxxer.hikari.HikariDataSource       : HikariPool-1 - Start completed.
2023-09-28T23:53:56.524-04:00  INFO 18016 --- [main] o.hibernate.jpa.internal.util.LogHelper  : HHH000204: Processing PersistenceUnitInfo [name: default]
2023-09-28T23:53:56.588-04:00  INFO 18016 --- [main] org.hibernate.Version                    : HHH000412: Hibernate ORM core version 6.2.7.Final
2023-09-28T23:53:56.591-04:00  INFO 18016 --- [main] org.hibernate.cfg.Environment            : HHH000406: Using bytecode reflection optimizer
2023-09-28T23:53:56.712-04:00  INFO 18016 --- [main] o.h.b.i.BytecodeProviderInitiator        : HHH000021: Bytecode provider name : bytebuddy
2023-09-28T23:53:56.843-04:00  INFO 18016 --- [main] o.s.o.j.p.SpringPersistenceUnitInfo      : No LoadTimeWeaver setup: ignoring JPA class transformer
2023-09-28T23:53:57.977-04:00  INFO 18016 --- [main] o.h.b.i.BytecodeProviderInitiator        : HHH000021: Bytecode provider name : bytebuddy
2023-09-28T23:53:58.719-04:00  INFO 18016 --- [main] o.h.e.t.j.p.i.JtaPlatformInitiator       : HHH000490: Using JtaPlatform implementation: [org.hibernate.engine.transaction.jta.platform.internal.NoJtaPlatform]
2023-09-28T23:53:58.722-04:00  INFO 18016 --- [main] j.LocalContainerEntityManagerFactoryBean : Initialized JPA EntityManagerFactory for persistence unit 'default'
2023-09-28T23:53:58.780-04:00  WARN 18016 --- [main] JpaBaseConfiguration$JpaWebConfiguration : spring.jpa.open-in-view is enabled by default. Therefore, database queries may be performed during view rendering. Explicitly configure spring.jpa.open-in-view to disable this warning
2023-09-28T23:53:59.103-04:00  INFO 18016 --- [main] o.s.b.w.embedded.tomcat.TomcatWebServer  : Tomcat started on port(s): 8081 (http) with context path ''
2023-09-28T23:53:59.116-04:00  INFO 18016 --- [main] n.i.IntroductionSpringProjectApplication : Started IntroductionSpringProjectApplication in 6.642 seconds (process running for 7.234)
2023-09-28T23:54:31.025-04:00  INFO 18016 --- [SpringApplicationShutdownHook] j.LocalContainerEntityManagerFactoryBean : Closing JPA EntityManagerFactory for persistence unit 'default'
2023-09-28T23:54:31.026-04:00  INFO 18016 --- [SpringApplicationShutdownHook] com.zaxxer.hikari.HikariDataSource       : HikariPool-1 - Shutdown initiated...
2023-09-28T23:54:32.557-04:00  INFO 18016 --- [SpringApplicationShutdownHook] com.zaxxer.hikari.HikariDataSource       : HikariPool-1 - Shutdown completed.
2023-09-28T23:54:38.389-04:00  INFO 17636 --- [main] n.i.IntroductionSpringProjectApplication : Starting IntroductionSpringProjectApplication using Java 20.0.1 with PID 17636 (C:\Users\Anna\Downloads\Projects\SpringBoot\project\IntroductionSpringProject\target\classes started by Anna in C:\Users\Anna\Downloads\Projects\SpringBoot\project\IntroductionSpringProject)
2023-09-28T23:54:38.392-04:00  INFO 17636 --- [main] n.i.IntroductionSpringProjectApplication : No active profile set, falling back to 1 default profile: "default"
2023-09-28T23:54:39.308-04:00  INFO 17636 --- [main] .s.d.r.c.RepositoryConfigurationDelegate : Bootstrapping Spring Data JPA repositories in DEFAULT mode.
2023-09-28T23:54:39.383-04:00  INFO 17636 --- [main] .s.d.r.c.RepositoryConfigurationDelegate : Finished Spring Data repository scanning in 51 ms. Found 0 JPA repository interfaces.
2023-09-28T23:54:40.630-04:00  INFO 17636 --- [main] o.s.b.w.embedded.tomcat.TomcatWebServer  : Tomcat initialized with port(s): 8081 (http)
2023-09-28T23:54:40.642-04:00  INFO 17636 --- [main] o.apache.catalina.core.StandardService   : Starting service [Tomcat]
2023-09-28T23:54:40.642-04:00  INFO 17636 --- [main] o.apache.catalina.core.StandardEngine    : Starting Servlet engine: [Apache Tomcat/10.1.12]
2023-09-28T23:54:40.765-04:00  INFO 17636 --- [main] o.a.c.c.C.[Tomcat].[localhost].[/]       : Initializing Spring embedded WebApplicationContext
2023-09-28T23:54:40.765-04:00  INFO 17636 --- [main] w.s.c.ServletWebServerApplicationContext : Root WebApplicationContext: initialization completed in 2320 ms
2023-09-28T23:54:40.930-04:00  INFO 17636 --- [main] com.zaxxer.hikari.HikariDataSource       : HikariPool-1 - Starting...
2023-09-28T23:54:42.932-04:00  INFO 17636 --- [main] com.zaxxer.hikari.pool.HikariPool        : HikariPool-1 - Added connection org.postgresql.jdbc.PgConnection@1c628f6a
2023-09-28T23:54:42.933-04:00  INFO 17636 --- [main] com.zaxxer.hikari.HikariDataSource       : HikariPool-1 - Start completed.
2023-09-28T23:54:42.972-04:00  INFO 17636 --- [main] o.hibernate.jpa.internal.util.LogHelper  : HHH000204: Processing PersistenceUnitInfo [name: default]
2023-09-28T23:54:43.058-04:00  INFO 17636 --- [main] org.hibernate.Version                    : HHH000412: Hibernate ORM core version 6.2.7.Final
2023-09-28T23:54:43.063-04:00  INFO 17636 --- [main] org.hibernate.cfg.Environment            : HHH000406: Using bytecode reflection optimizer
2023-09-28T23:54:43.266-04:00  INFO 17636 --- [main] o.h.b.i.BytecodeProviderInitiator        : HHH000021: Bytecode provider name : bytebuddy
2023-09-28T23:54:43.385-04:00  INFO 17636 --- [main] o.s.o.j.p.SpringPersistenceUnitInfo      : No LoadTimeWeaver setup: ignoring JPA class transformer
2023-09-28T23:54:43.991-04:00  INFO 17636 --- [main] o.h.b.i.BytecodeProviderInitiator        : HHH000021: Bytecode provider name : bytebuddy
2023-09-28T23:54:44.649-04:00  INFO 17636 --- [main] o.h.e.t.j.p.i.JtaPlatformInitiator       : HHH000490: Using JtaPlatform implementation: [org.hibernate.engine.transaction.jta.platform.internal.NoJtaPlatform]
2023-09-28T23:54:44.652-04:00  INFO 17636 --- [main] j.LocalContainerEntityManagerFactoryBean : Initialized JPA EntityManagerFactory for persistence unit 'default'
2023-09-28T23:54:44.733-04:00  WARN 17636 --- [main] JpaBaseConfiguration$JpaWebConfiguration : spring.jpa.open-in-view is enabled by default. Therefore, database queries may be performed during view rendering. Explicitly configure spring.jpa.open-in-view to disable this warning
2023-09-28T23:54:45.090-04:00  INFO 17636 --- [main] o.s.b.w.embedded.tomcat.TomcatWebServer  : Tomcat started on port(s): 8081 (http) with context path ''
2023-09-28T23:54:45.097-04:00  INFO 17636 --- [main] n.i.IntroductionSpringProjectApplication : Started IntroductionSpringProjectApplication in 7.167 seconds (process running for 7.931)
2023-09-28T23:58:13.604-04:00  INFO 17636 --- [SpringApplicationShutdownHook] j.LocalContainerEntityManagerFactoryBean : Closing JPA EntityManagerFactory for persistence unit 'default'
2023-09-28T23:58:13.606-04:00  INFO 17636 --- [SpringApplicationShutdownHook] com.zaxxer.hikari.HikariDataSource       : HikariPool-1 - Shutdown initiated...
2023-09-28T23:58:14.892-04:00  INFO 17636 --- [SpringApplicationShutdownHook] com.zaxxer.hikari.HikariDataSource       : HikariPool-1 - Shutdown completed.
2023-09-28T23:58:19.556-04:00  INFO 19212 --- [main] n.i.IntroductionSpringProjectApplication : Starting IntroductionSpringProjectApplication using Java 20.0.1 with PID 19212 (C:\Users\Anna\Downloads\Projects\SpringBoot\project\IntroductionSpringProject\target\classes started by Anna in C:\Users\Anna\Downloads\Projects\SpringBoot\project\IntroductionSpringProject)
2023-09-28T23:58:19.560-04:00  INFO 19212 --- [main] n.i.IntroductionSpringProjectApplication : No active profile set, falling back to 1 default profile: "default"
2023-09-28T23:58:20.169-04:00  INFO 19212 --- [main] .s.d.r.c.RepositoryConfigurationDelegate : Bootstrapping Spring Data JPA repositories in DEFAULT mode.
2023-09-28T23:58:20.188-04:00  INFO 19212 --- [main] .s.d.r.c.RepositoryConfigurationDelegate : Finished Spring Data repository scanning in 12 ms. Found 0 JPA repository interfaces.
2023-09-28T23:58:20.658-04:00  INFO 19212 --- [main] o.s.b.w.embedded.tomcat.TomcatWebServer  : Tomcat initialized with port(s): 8081 (http)
2023-09-28T23:58:20.672-04:00  INFO 19212 --- [main] o.apache.catalina.core.StandardService   : Starting service [Tomcat]
2023-09-28T23:58:20.673-04:00  INFO 19212 --- [main] o.apache.catalina.core.StandardEngine    : Starting Servlet engine: [Apache Tomcat/10.1.12]
2023-09-28T23:58:20.775-04:00  INFO 19212 --- [main] o.a.c.c.C.[Tomcat].[localhost].[/]       : Initializing Spring embedded WebApplicationContext
2023-09-28T23:58:20.775-04:00  INFO 19212 --- [main] w.s.c.ServletWebServerApplicationContext : Root WebApplicationContext: initialization completed in 1140 ms
2023-09-28T23:58:20.884-04:00  INFO 19212 --- [main] com.zaxxer.hikari.HikariDataSource       : HikariPool-1 - Starting...
2023-09-28T23:58:22.685-04:00  INFO 19212 --- [main] com.zaxxer.hikari.pool.HikariPool        : HikariPool-1 - Added connection org.postgresql.jdbc.PgConnection@2ce03e86
2023-09-28T23:58:22.690-04:00  INFO 19212 --- [main] com.zaxxer.hikari.HikariDataSource       : HikariPool-1 - Start completed.
2023-09-28T23:58:22.861-04:00  INFO 19212 --- [main] o.hibernate.jpa.internal.util.LogHelper  : HHH000204: Processing PersistenceUnitInfo [name: default]
2023-09-28T23:58:22.960-04:00  INFO 19212 --- [main] org.hibernate.Version                    : HHH000412: Hibernate ORM core version 6.2.7.Final
2023-09-28T23:58:22.963-04:00  INFO 19212 --- [main] org.hibernate.cfg.Environment            : HHH000406: Using bytecode reflection optimizer
2023-09-28T23:58:23.094-04:00  INFO 19212 --- [main] o.h.b.i.BytecodeProviderInitiator        : HHH000021: Bytecode provider name : bytebuddy
2023-09-28T23:58:23.228-04:00  INFO 19212 --- [main] o.s.o.j.p.SpringPersistenceUnitInfo      : No LoadTimeWeaver setup: ignoring JPA class transformer
2023-09-28T23:58:23.767-04:00  INFO 19212 --- [main] o.h.b.i.BytecodeProviderInitiator        : HHH000021: Bytecode provider name : bytebuddy
2023-09-28T23:58:24.438-04:00  INFO 19212 --- [main] o.h.e.t.j.p.i.JtaPlatformInitiator       : HHH000490: Using JtaPlatform implementation: [org.hibernate.engine.transaction.jta.platform.internal.NoJtaPlatform]
2023-09-28T23:58:24.440-04:00  INFO 19212 --- [main] j.LocalContainerEntityManagerFactoryBean : Initialized JPA EntityManagerFactory for persistence unit 'default'
2023-09-28T23:58:24.493-04:00  WARN 19212 --- [main] JpaBaseConfiguration$JpaWebConfiguration : spring.jpa.open-in-view is enabled by default. Therefore, database queries may be performed during view rendering. Explicitly configure spring.jpa.open-in-view to disable this warning
2023-09-28T23:58:24.853-04:00  INFO 19212 --- [main] o.s.b.w.embedded.tomcat.TomcatWebServer  : Tomcat started on port(s): 8081 (http) with context path ''
2023-09-28T23:58:24.861-04:00  INFO 19212 --- [main] n.i.IntroductionSpringProjectApplication : Started IntroductionSpringProjectApplication in 5.796 seconds (process running for 6.48)
2023-09-28T23:58:51.429-04:00  INFO 19212 --- [SpringApplicationShutdownHook] j.LocalContainerEntityManagerFactoryBean : Closing JPA EntityManagerFactory for persistence unit 'default'
2023-09-28T23:58:51.431-04:00  INFO 19212 --- [SpringApplicationShutdownHook] com.zaxxer.hikari.HikariDataSource       : HikariPool-1 - Shutdown initiated...
2023-09-28T23:58:52.862-04:00  INFO 19212 --- [SpringApplicationShutdownHook] com.zaxxer.hikari.HikariDataSource       : HikariPool-1 - Shutdown completed.
